<?xml version="1.0" encoding="UTF-8"?>
<!-- Generated by org.testng.reporters.JUnitReportReporter -->
<testsuite hostname="DESKTOP-S6O3NGQ" failures="0" tests="2" name="mypack2.SecondTest" time="0.008" errors="0" timestamp="2023-11-28T16:03:56 IST" skipped="0">
  <testcase classname="mypack2.SecondTest" name="firstMethod" time="0.004"/>
  <testcase classname="mypack2.SecondTest" name="secondMethod" time="0.004"/>
</testsuite> <!-- mypack2.SecondTest -->
