<?xml version="1.0" encoding="UTF-8"?>
<!-- Generated by org.testng.reporters.JUnitReportReporter -->
<testsuite hostname="DESKTOP-S6O3NGQ" failures="0" tests="2" name="mypack3.FirstTest" time="0.005" errors="0" timestamp="2023-11-28T16:03:56 IST" skipped="0">
  <testcase classname="mypack3.FirstTest" name="firstMethod" time="0.002"/>
  <testcase classname="mypack3.FirstTest" name="secondMethod" time="0.003"/>
</testsuite> <!-- mypack3.FirstTest -->
