<?xml version="1.0" encoding="UTF-8"?>
<!-- Generated by org.testng.reporters.JUnitReportReporter -->
<testsuite hostname="DESKTOP-S6O3NGQ" failures="0" tests="2" name="mypack.DifferentDataProvider" time="0.024" errors="0" timestamp="2023-12-05T15:59:18 IST" skipped="0">
  <testcase classname="mypack.DifferentDataProvider" name="addition" time="0.002"/>
  <testcase classname="mypack.DifferentDataProvider" name="addition" time="0.022"/>
</testsuite> <!-- mypack.DifferentDataProvider -->
