<?xml version="1.0" encoding="UTF-8"?>
<!-- Generated by org.testng.reporters.JUnitReportReporter -->
<testsuite hostname="DESKTOP-S6O3NGQ" failures="0" tests="4" name="mypack.BeforeAfterannotations" time="0.037" errors="0" timestamp="2023-12-05T15:28:22 IST" skipped="0">
  <testcase classname="mypack.BeforeAfterannotations" name="testThreeMethod" time="0.006"/>
  <testcase classname="mypack.BeforeAfterannotations" name="testOneMethod" time="0.006"/>
  <testcase classname="mypack.BeforeAfterannotations" name="testFourMethod" time="0.021"/>
  <testcase classname="mypack.BeforeAfterannotations" name="testTwoMethod" time="0.004"/>
</testsuite> <!-- mypack.BeforeAfterannotations -->
