<?xml version="1.0" encoding="UTF-8"?>
<!-- Generated by org.testng.reporters.JUnitReportReporter -->
<testsuite hostname="DESKTOP-S6O3NGQ" failures="0" tests="2" name="mypack.FirstTest" time="0.018" errors="0" timestamp="2023-11-28T16:03:56 IST" skipped="0">
  <testcase classname="mypack.FirstTest" name="firstmethod" time="0.016"/>
  <testcase classname="mypack.FirstTest" name="secondmethod" time="0.002"/>
</testsuite> <!-- mypack.FirstTest -->
