<?xml version="1.0" encoding="UTF-8"?>
<!-- Generated by org.testng.reporters.JUnitReportReporter -->
<testsuite hostname="DESKTOP-S6O3NGQ" failures="0" tests="2" name="mypack.DataProviderDemo" time="0.039" errors="0" timestamp="2023-12-05T15:47:46 IST" skipped="0">
  <testcase classname="mypack.DataProviderDemo" name="addition" time="0.003"/>
  <testcase classname="mypack.DataProviderDemo" name="addition" time="0.036"/>
</testsuite> <!-- mypack.DataProviderDemo -->
